<?xml version="1.0" encoding="UTF-8"?>
<!-- Generated by org.testng.reporters.JUnitXMLReporter -->
<testsuite ignored="0" hostname="WIN10H-75D3A6G1" failures="0" tests="2" name="LoginTest" time="0.154" errors="0" timestamp="2020-04-27T18:28:29 IST">
  <testcase classname="Tests.LoginTest" name="signIn" time="0.0">
    <skipped/>
  </testcase> <!-- signIn -->
  <testcase classname="Tests.LoginTest" name="loginPageTitleTest" time="0.0">
    <skipped/>
  </testcase> <!-- loginPageTitleTest -->
</testsuite> <!-- LoginTest -->
