<?xml version="1.0" encoding="UTF-8"?>
<!-- Generated by org.testng.reporters.JUnitXMLReporter -->
<testsuite ignored="0" hostname="WIN10H-75D3A6G1" failures="0" tests="3" name="LogoutTest" time="0.065" errors="0" timestamp="2020-04-27T18:28:29 IST">
  <testcase classname="Tests.LogoutTest" name="@BeforeClass setUp" time="0.002">
    <failure type="java.lang.NullPointerException">
      <![CDATA[java.lang.NullPointerException
at Util.BaseClass.initialization(BaseClass.java:44)
at Tests.LogoutTest.setUp(LogoutTest.java:36)
at java.base/java.util.concurrent.ThreadPoolExecutor.runWorker(Unknown Source)
at java.base/java.util.concurrent.ThreadPoolExecutor$Worker.run(Unknown Source)
at java.base/java.lang.Thread.run(Unknown Source)
... Removed 10 stack frames]]>
    </failure>
  </testcase> <!-- @BeforeClass setUp -->
  <testcase classname="Tests.LogoutTest" name="@AfterMethod tearDown" time="-1.587992309495E9">
    <skipped/>
  </testcase> <!-- @AfterMethod tearDown -->
  <testcase classname="Tests.LogoutTest" name="@AfterMethod tearDown" time="-1.587992309518E9">
    <skipped/>
  </testcase> <!-- @AfterMethod tearDown -->
  <testcase classname="Tests.LogoutTest" name="@AfterMethod tearDown" time="-1.587992309529E9">
    <skipped/>
  </testcase> <!-- @AfterMethod tearDown -->
  <testcase classname="Tests.LogoutTest" name="@AfterClass closeDriver" time="-1.587992309532E9">
    <skipped/>
  </testcase> <!-- @AfterClass closeDriver -->
  <testcase classname="Tests.LogoutTest" name="signIn" time="0.0">
    <skipped/>
  </testcase> <!-- signIn -->
  <testcase classname="Tests.LogoutTest" name="loginPageTitleTest" time="0.0">
    <skipped/>
  </testcase> <!-- loginPageTitleTest -->
  <testcase classname="Tests.LogoutTest" name="signOut" time="0.0">
    <skipped/>
  </testcase> <!-- signOut -->
</testsuite> <!-- LogoutTest -->
