<?xml version="1.0" encoding="UTF-8"?>
<!-- Generated by org.testng.reporters.JUnitXMLReporter -->
<testsuite ignored="0" hostname="WIN10H-75D3A6G1" failures="0" tests="3" name="Default test" time="24.153" errors="0" timestamp="2020-04-30T07:26:53 IST">
  <testcase classname="Tests.LoginTest" name="signIn" time="3.066"/>
  <testcase classname="Tests.LoginTest" name="loginPageTitleTest" time="3.282"/>
  <testcase classname="Tests.LoginTest" name="signInSuccess" time="0.002"/>
</testsuite> <!-- Default test -->
