<?xml version="1.0" encoding="UTF-8"?>
<!-- Generated by org.testng.reporters.JUnitXMLReporter -->
<testsuite ignored="0" hostname="WIN10H-75D3A6G1" failures="0" tests="4" name="Test" time="18.197" errors="0" timestamp="2020-04-29T15:30:48 IST">
  <testcase classname="Parallel.ParallelTest1" name="test1" time="2.55"/>
  <testcase classname="Parallel.ParallelTest2" name="test1" time="1.888"/>
  <testcase classname="Parallel.ParallelTest1" name="test2" time="3.241"/>
  <testcase classname="Parallel.ParallelTest2" name="test2" time="3.688"/>
</testsuite> <!-- Test -->
