<?xml version="1.0" encoding="UTF-8"?>
<!-- Generated by org.testng.reporters.JUnitXMLReporter -->
<testsuite ignored="2" hostname="WIN10H-75D3A6G1" failures="0" tests="5" name="Test" time="42.965" errors="0" timestamp="2020-04-29T18:42:55 IST">
  <testcase classname="Tests.LoginTest" name="signIn" time="4.726"/>
  <testcase classname="Tests.LoginTest" name="loginPageTitleTest" time="1.019"/>
  <testcase classname="Tests.LogoutTest" name="signIn" time="4.81"/>
  <testcase classname="Tests.LogoutTest" name="loginPageTitleTest" time="1.01"/>
  <testcase classname="Tests.LogoutTest" name="signOut" time="2.56"/>
  <testcase classname="Tests.LogoutTest" name="signInSuccess" time="0.0">
    <ignored/>
  </testcase> <!-- signInSuccess -->
  <testcase classname="Tests.LoginTest" name="signInSuccess" time="0.0">
    <ignored/>
  </testcase> <!-- signInSuccess -->
</testsuite> <!-- Test -->
