<?xml version="1.0" encoding="UTF-8"?>
<!-- Generated by org.testng.reporters.JUnitXMLReporter -->
<testsuite ignored="0" hostname="WIN10H-75D3A6G1" failures="0" tests="5" name="Sample Test" time="39.387" errors="0" timestamp="2020-04-26T18:02:29 IST">
  <testcase classname="Tests.LoginTest" name="signIn" time="5.277"/>
  <testcase classname="Tests.LoginTest" name="loginPageTitleTest" time="1.019"/>
  <testcase classname="Tests.LogoutTest" name="signIn" time="4.186"/>
  <testcase classname="Tests.LogoutTest" name="loginPageTitleTest" time="1.009"/>
  <testcase classname="Tests.LogoutTest" name="signOut" time="1.88"/>
</testsuite> <!-- Sample Test -->
