<?xml version="1.0" encoding="UTF-8"?>
<testsuite xmlns:xsi="http://www.w3.org/2001/XMLSchema-instance" xsi:noNamespaceSchemaLocation="https://maven.apache.org/surefire/maven-surefire-plugin/xsd/surefire-test-report-3.0.xsd" version="3.0" name="TestSuite" time="87.819" tests="9" errors="0" skipped="0" failures="0">
  <properties>
[...]
</properties>
  <testcase name="signIn" classname="Tests.LoginTest" time="4.7"/>
  <testcase name="loginPageTitleTest" classname="Tests.LoginTest" time="1.021"/>
  <testcase name="signIn" classname="Tests.LogoutTest" time="4.81"/>
  <testcase name="loginPageTitleTest" classname="Tests.LogoutTest" time="1.006"/>
  <testcase name="signOut" classname="Tests.LogoutTest" time="2.564"/>
  <testcase name="test1" classname="Parallel.ParallelTest2" time="0.481"/>
  <testcase name="test2" classname="Parallel.ParallelTest2" time="2.327"/>
  <testcase name="test1" classname="Parallel.ParallelTest1" time="0.945"/>
  <testcase name="test2" classname="Parallel.ParallelTest1" time="2.998"/>
</testsuite>