<?xml version="1.0" encoding="UTF-8"?>
<!-- Generated by org.testng.reporters.JUnitXMLReporter -->
<testsuite ignored="0" hostname="WIN10H-75D3A6G1" failures="0" tests="4" name="Test" time="42.454" errors="0" timestamp="2020-04-29T18:43:37 IST">
  <testcase classname="Parallel.ParallelTest2" name="test1" time="1.391"/>
  <testcase classname="Parallel.ParallelTest1" name="test1" time="1.25"/>
  <testcase classname="Parallel.ParallelTest2" name="test2" time="3.295"/>
  <testcase classname="Parallel.ParallelTest1" name="test2" time="3.136"/>
</testsuite> <!-- Test -->
