<?xml version="1.0" encoding="UTF-8"?>
<!-- Generated by org.testng.reporters.JUnitXMLReporter -->
<testsuite ignored="0" hostname="WIN10H-75D3A6G1" failures="0" tests="3" name="Free CRM App Test Cases" time="19.37" errors="0" timestamp="26 Apr 2020 07:34:41 GMT">
  <testcase classname="Tests.SampleTest" name="loginPageTitleTest" time="0.057"/>
  <testcase classname="Tests.SampleTest" name="PageNavigations" time="7.31"/>
  <testcase classname="Tests.SampleTest" name="Search" time="2.141"/>
</testsuite> <!-- Free CRM App Test Cases -->
